Using pre-set license
Built from '2020.3/staging' branch; Version is '2020.3.6f1 (338bb68529b2) revision 3378102'; Using compiler version '192528614'; Build Type 'Release'
OS: 'Windows 10 Home Single Language; OS build 19042.1466; Version 2009; 64bit' Language: 'es' Physical Memory: 11164 MB
BatchMode: 1, IsHumanControllingUs: 0, StartBugReporterOnCrash: 0, Is64bit: 1, IsPro: 0

 COMMAND LINE ARGUMENTS:
C:\Program Files\Unity\Hub\Editor\2020.3.6f1\Editor\Unity.exe
-adb2
-batchMode
-noUpm
-name
AssetImportWorker11
-projectPath
D:/Unity projects/Unity 2021/Chutter
-logFile
Logs/AssetImportWorker11.log
-srvPort
26849
Successfully changed project path to: D:/Unity projects/Unity 2021/Chutter
D:/Unity projects/Unity 2021/Chutter
Using Asset Import Pipeline V2.
Refreshing native plugins compatible for Editor in 182.24 ms, found 0 plugins.
Preloading 0 native plugins for Editor in 0.00 ms.
Initialize engine version: 2020.3.6f1 (338bb68529b2)
[Subsystems] Discovering subsystems at path C:/Program Files/Unity/Hub/Editor/2020.3.6f1/Editor/Data/Resources/UnitySubsystems
[Subsystems] Discovering subsystems at path D:/Unity projects/Unity 2021/Chutter/Assets
GfxDevice: creating device client; threaded=0
Direct3D:
    Version:  Direct3D 11.0 [level 11.1]
    Renderer: AMD Radeon(TM) Vega 8 Graphics (ID=0x15dd)
    Vendor:   
    VRAM:     5582 MB
    Driver:   26.20.12036.1
Shader 'Universal Render Pipeline/Particles/Lit': fallback shader 'Universal Render Pipeline/Particles/SimpleLit' not found
Initialize mono
Mono path[0] = 'C:/Program Files/Unity/Hub/Editor/2020.3.6f1/Editor/Data/Managed'
Mono path[1] = 'C:/Program Files/Unity/Hub/Editor/2020.3.6f1/Editor/Data/MonoBleedingEdge/lib/mono/unityjit'
Mono config path = 'C:/Program Files/Unity/Hub/Editor/2020.3.6f1/Editor/Data/MonoBleedingEdge/etc'
Using monoOptions --debugger-agent=transport=dt_socket,embedding=1,server=y,suspend=n,address=127.0.0.1:56268
Begin MonoManager ReloadAssembly
Registering precompiled unity dll's ...
Register platform support module: C:/Program Files/Unity/Hub/Editor/2020.3.6f1/Editor/Data/PlaybackEngines/WebGLSupport/UnityEditor.WebGL.Extensions.dll
Register platform support module: C:/Program Files/Unity/Hub/Editor/2020.3.6f1/Editor/Data/PlaybackEngines/WindowsStandaloneSupport/UnityEditor.WindowsStandalone.Extensions.dll
Registered in 0.028401 seconds.
Native extension for WindowsStandalone target not found
Native extension for WebGL target not found
Refreshing native plugins compatible for Editor in 185.60 ms, found 0 plugins.
Preloading 0 native plugins for Editor in 0.00 ms.
Mono: successfully reloaded assembly
- Completed reload, in  7.843 seconds
Platform modules already initialized, skipping
Registering precompiled user dll's ...
Registered in 0.004501 seconds.
Begin MonoManager ReloadAssembly
Native extension for WindowsStandalone target not found
Native extension for WebGL target not found
Refreshing native plugins compatible for Editor in 112.20 ms, found 0 plugins.
Preloading 0 native plugins for Editor in 0.00 ms.
Mono: successfully reloaded assembly
- Completed reload, in  2.160 seconds
Platform modules already initialized, skipping
========================================================================
Worker process is ready to serve import requests
Shader 'Universal Render Pipeline/Particles/Lit': fallback shader 'Universal Render Pipeline/Particles/SimpleLit' not found
Launched and connected shader compiler UnityShaderCompiler.exe after 0.29 seconds
Refreshing native plugins compatible for Editor in 0.84 ms, found 0 plugins.
Preloading 0 native plugins for Editor in 0.00 ms.
Unloading 3462 Unused Serialized files (Serialized files now loaded: 0)
System memory in use before: 167.9 MB.
System memory in use after: 168.0 MB.

Unloading 12 unused Assets to reduce memory usage. Loaded Objects now: 3937.
Total: 4.296800 ms (FindLiveObjects: 0.535200 ms CreateObjectMapping: 0.164800 ms MarkObjects: 3.320600 ms  DeleteObjects: 0.273900 ms)

========================================================================
Received Import Request.
  path: Assets/Prefabs/Enemy Variant.prefab
  artifactKey: Guid(0b7fbe82301b22843b587ab5e734f135) Importer(815301076,1909f56bfc062723c751e8b465ee728b)
Start importing Assets/Prefabs/Enemy Variant.prefab using Guid(0b7fbe82301b22843b587ab5e734f135) Importer(815301076,1909f56bfc062723c751e8b465ee728b)  -> (artifact id: '4d9fffb9af21ca951978acb4856f3147') in 2.339614 seconds
  Import took 2.402906 seconds .

========================================================================
Received Import Request.
  Time since last request: 30.079488 seconds.
  path: Assets/Prefabs/Bullet.prefab
  artifactKey: Guid(fc0c6142143721446a5b3a6710ddfc11) Importer(815301076,1909f56bfc062723c751e8b465ee728b)
Start importing Assets/Prefabs/Bullet.prefab using Guid(fc0c6142143721446a5b3a6710ddfc11) Importer(815301076,1909f56bfc062723c751e8b465ee728b)  -> (artifact id: '193927f3d7da4efbbf1cdb48420599ea') in 0.050693 seconds
  Import took 0.058607 seconds .

========================================================================
Received Import Request.
  Time since last request: 70.890055 seconds.
  path: Assets/Prefabs/Bullet.prefab
  artifactKey: Guid(fc0c6142143721446a5b3a6710ddfc11) Importer(815301076,1909f56bfc062723c751e8b465ee728b)
Start importing Assets/Prefabs/Bullet.prefab using Guid(fc0c6142143721446a5b3a6710ddfc11) Importer(815301076,1909f56bfc062723c751e8b465ee728b)  -> (artifact id: '256b131020ad163c9dac94db8dda0c2d') in 0.016571 seconds
  Import took 0.065379 seconds .

========================================================================
Received Import Request.
  Time since last request: 108.308942 seconds.
  path: Assets/Prefabs/Bullet.prefab
  artifactKey: Guid(fc0c6142143721446a5b3a6710ddfc11) Importer(815301076,1909f56bfc062723c751e8b465ee728b)
Start importing Assets/Prefabs/Bullet.prefab using Guid(fc0c6142143721446a5b3a6710ddfc11) Importer(815301076,1909f56bfc062723c751e8b465ee728b)  -> (artifact id: '63d9062dede01d95b9437acea36d415a') in 0.020211 seconds
  Import took 0.070079 seconds .

========================================================================
Received Import Request.
  Time since last request: 1163.318824 seconds.
  path: Assets/Prefabs/Enemy Variant.prefab
  artifactKey: Guid(0b7fbe82301b22843b587ab5e734f135) Importer(815301076,1909f56bfc062723c751e8b465ee728b)
Start importing Assets/Prefabs/Enemy Variant.prefab using Guid(0b7fbe82301b22843b587ab5e734f135) Importer(815301076,1909f56bfc062723c751e8b465ee728b)  -> (artifact id: '290e0bc97a6dfb98a926453c64d1bd9d') in 0.086836 seconds
  Import took 0.127373 seconds .

========================================================================
Received Prepare
Registering precompiled user dll's ...
Registered in 0.002828 seconds.
Begin MonoManager ReloadAssembly
Native extension for WindowsStandalone target not found
Native extension for WebGL target not found
Refreshing native plugins compatible for Editor in 0.82 ms, found 0 plugins.
Preloading 0 native plugins for Editor in 0.00 ms.
Mono: successfully reloaded assembly
- Completed reload, in  1.992 seconds
Platform modules already initialized, skipping
Shader 'Universal Render Pipeline/Particles/Lit': fallback shader 'Universal Render Pipeline/Particles/SimpleLit' not found
Refreshing native plugins compatible for Editor in 0.87 ms, found 0 plugins.
Preloading 0 native plugins for Editor in 0.00 ms.
Unloading 3309 Unused Serialized files (Serialized files now loaded: 0)
System memory in use before: 175.6 MB.
System memory in use after: 175.7 MB.

Unloading 7 unused Assets to reduce memory usage. Loaded Objects now: 3986.
Total: 4.773200 ms (FindLiveObjects: 0.566900 ms CreateObjectMapping: 0.209700 ms MarkObjects: 3.784200 ms  DeleteObjects: 0.210100 ms)

========================================================================
Received Import Request.
  Time since last request: 662.743943 seconds.
  path: Assets/Prefabs/Bullet.prefab
  artifactKey: Guid(fc0c6142143721446a5b3a6710ddfc11) Importer(815301076,1909f56bfc062723c751e8b465ee728b)
Start importing Assets/Prefabs/Bullet.prefab using Guid(fc0c6142143721446a5b3a6710ddfc11) Importer(815301076,1909f56bfc062723c751e8b465ee728b)  -> (artifact id: '712a2ec83576f8b0a7ea681accfdb3a4') in 0.296139 seconds
  Import took 0.333485 seconds .

========================================================================
Received Import Request.
  Time since last request: 0.000960 seconds.
  path: Assets/Prefabs/Bullet.prefab
  artifactKey: Guid(fc0c6142143721446a5b3a6710ddfc11) Importer(815301076,1909f56bfc062723c751e8b465ee728b)
Start importing Assets/Prefabs/Bullet.prefab using Guid(fc0c6142143721446a5b3a6710ddfc11) Importer(815301076,1909f56bfc062723c751e8b465ee728b)  -> (artifact id: '712a2ec83576f8b0a7ea681accfdb3a4') in 0.019542 seconds
  Import took 0.047251 seconds .

========================================================================
Received Prepare
Registering precompiled user dll's ...
Registered in 0.004419 seconds.
Begin MonoManager ReloadAssembly
Native extension for WindowsStandalone target not found
Native extension for WebGL target not found
Refreshing native plugins compatible for Editor in 1.40 ms, found 0 plugins.
Preloading 0 native plugins for Editor in 0.00 ms.
Mono: successfully reloaded assembly
- Completed reload, in  3.605 seconds
Platform modules already initialized, skipping
Shader 'Universal Render Pipeline/Particles/Lit': fallback shader 'Universal Render Pipeline/Particles/SimpleLit' not found
Refreshing native plugins compatible for Editor in 1.81 ms, found 0 plugins.
Preloading 0 native plugins for Editor in 0.00 ms.
Unloading 3309 Unused Serialized files (Serialized files now loaded: 0)
System memory in use before: 175.7 MB.
System memory in use after: 175.9 MB.

Unloading 7 unused Assets to reduce memory usage. Loaded Objects now: 4024.
Total: 7.774800 ms (FindLiveObjects: 1.032500 ms CreateObjectMapping: 0.311500 ms MarkObjects: 5.960300 ms  DeleteObjects: 0.464700 ms)

========================================================================
Received Prepare
Registering precompiled user dll's ...
Registered in 0.004215 seconds.
Begin MonoManager ReloadAssembly
Native extension for WindowsStandalone target not found
Native extension for WebGL target not found
Refreshing native plugins compatible for Editor in 1.35 ms, found 0 plugins.
Preloading 0 native plugins for Editor in 0.00 ms.
Mono: successfully reloaded assembly
- Completed reload, in  3.269 seconds
Platform modules already initialized, skipping
Shader 'Universal Render Pipeline/Particles/Lit': fallback shader 'Universal Render Pipeline/Particles/SimpleLit' not found
Refreshing native plugins compatible for Editor in 1.39 ms, found 0 plugins.
Preloading 0 native plugins for Editor in 0.00 ms.
Unloading 3310 Unused Serialized files (Serialized files now loaded: 0)
System memory in use before: 175.8 MB.
System memory in use after: 175.9 MB.

Unloading 7 unused Assets to reduce memory usage. Loaded Objects now: 4027.
Total: 7.326600 ms (FindLiveObjects: 0.946200 ms CreateObjectMapping: 0.395800 ms MarkObjects: 5.637800 ms  DeleteObjects: 0.343300 ms)

========================================================================
Received Import Request.
  Time since last request: 16001.050648 seconds.
  path: Assets/_Scripts/DestroyOnContact.cs
  artifactKey: Guid(7e67715ca9a39e044ae91bb452f2b99c) Importer(815301076,1909f56bfc062723c751e8b465ee728b)
Start importing Assets/_Scripts/DestroyOnContact.cs using Guid(7e67715ca9a39e044ae91bb452f2b99c) Importer(815301076,1909f56bfc062723c751e8b465ee728b)  -> (artifact id: '71c6d2f4f45b77eec18259ad74a40e01') in 0.029362 seconds
  Import took 0.291524 seconds .

========================================================================
Received Import Request.
  Time since last request: 82.106276 seconds.
  path: Assets/Prefabs/Bullet.prefab
  artifactKey: Guid(fc0c6142143721446a5b3a6710ddfc11) Importer(815301076,1909f56bfc062723c751e8b465ee728b)
Start importing Assets/Prefabs/Bullet.prefab using Guid(fc0c6142143721446a5b3a6710ddfc11) Importer(815301076,1909f56bfc062723c751e8b465ee728b)  -> (artifact id: '2b00065901e5be1a82d0bf8976782532') in 0.506521 seconds
  Import took 0.546968 seconds .

========================================================================
Received Prepare
Registering precompiled user dll's ...
Registered in 0.004613 seconds.
Begin MonoManager ReloadAssembly
Native extension for WindowsStandalone target not found
Native extension for WebGL target not found
Refreshing native plugins compatible for Editor in 1.36 ms, found 0 plugins.
Preloading 0 native plugins for Editor in 0.00 ms.
Mono: successfully reloaded assembly
- Completed reload, in  3.262 seconds
Platform modules already initialized, skipping
Shader 'Universal Render Pipeline/Particles/Lit': fallback shader 'Universal Render Pipeline/Particles/SimpleLit' not found
Refreshing native plugins compatible for Editor in 1.37 ms, found 0 plugins.
Preloading 0 native plugins for Editor in 0.00 ms.
Unloading 3310 Unused Serialized files (Serialized files now loaded: 0)
System memory in use before: 175.9 MB.
System memory in use after: 176.1 MB.

Unloading 7 unused Assets to reduce memory usage. Loaded Objects now: 4065.
Total: 9.506400 ms (FindLiveObjects: 1.281800 ms CreateObjectMapping: 0.592000 ms MarkObjects: 7.222800 ms  DeleteObjects: 0.405800 ms)

========================================================================
Received Prepare
Registering precompiled user dll's ...
Registered in 0.005366 seconds.
Begin MonoManager ReloadAssembly
Native extension for WindowsStandalone target not found
Native extension for WebGL target not found
Refreshing native plugins compatible for Editor in 1.37 ms, found 0 plugins.
Preloading 0 native plugins for Editor in 0.00 ms.
Mono: successfully reloaded assembly
- Completed reload, in  3.417 seconds
Platform modules already initialized, skipping
Shader 'Universal Render Pipeline/Particles/Lit': fallback shader 'Universal Render Pipeline/Particles/SimpleLit' not found
Refreshing native plugins compatible for Editor in 1.53 ms, found 0 plugins.
Preloading 0 native plugins for Editor in 0.00 ms.
Unloading 3310 Unused Serialized files (Serialized files now loaded: 0)
System memory in use before: 175.7 MB.
System memory in use after: 175.9 MB.

Unloading 7 unused Assets to reduce memory usage. Loaded Objects now: 4067.
Total: 7.471300 ms (FindLiveObjects: 0.904600 ms CreateObjectMapping: 0.445400 ms MarkObjects: 5.748100 ms  DeleteObjects: 0.369500 ms)

========================================================================
Received Import Request.
  Time since last request: 654.078261 seconds.
  path: ProjectSettings/TagManager.asset
  artifactKey: Guid(00000000000000003000000000000000) Importer(815301076,1909f56bfc062723c751e8b465ee728b)
Start importing ProjectSettings/TagManager.asset using Guid(00000000000000003000000000000000) Importer(815301076,1909f56bfc062723c751e8b465ee728b)  -> (artifact id: 'ae108b442cbdf7645ed8a6838b9b3341') in 0.047375 seconds
  Import took 0.088289 seconds .

========================================================================
Received Import Request.
  Time since last request: 15.585648 seconds.
  path: Assets/Prefabs/Enemy Variant.prefab
  artifactKey: Guid(0b7fbe82301b22843b587ab5e734f135) Importer(815301076,1909f56bfc062723c751e8b465ee728b)
Start importing Assets/Prefabs/Enemy Variant.prefab using Guid(0b7fbe82301b22843b587ab5e734f135) Importer(815301076,1909f56bfc062723c751e8b465ee728b)  -> (artifact id: '6efdda1755abb118b43fcc76dc499d84') in 1.937733 seconds
  Import took 1.979198 seconds .

========================================================================
Received Prepare
Registering precompiled user dll's ...
Registered in 0.006590 seconds.
Begin MonoManager ReloadAssembly
Native extension for WindowsStandalone target not found
Native extension for WebGL target not found
Refreshing native plugins compatible for Editor in 1.44 ms, found 0 plugins.
Preloading 0 native plugins for Editor in 0.00 ms.
Mono: successfully reloaded assembly
- Completed reload, in  3.886 seconds
Platform modules already initialized, skipping
Shader 'Universal Render Pipeline/Particles/Lit': fallback shader 'Universal Render Pipeline/Particles/SimpleLit' not found
Refreshing native plugins compatible for Editor in 1.34 ms, found 0 plugins.
Preloading 0 native plugins for Editor in 0.00 ms.
Unloading 3310 Unused Serialized files (Serialized files now loaded: 0)
System memory in use before: 175.9 MB.
System memory in use after: 176.0 MB.

Unloading 8 unused Assets to reduce memory usage. Loaded Objects now: 4105.
Total: 9.737500 ms (FindLiveObjects: 2.119800 ms CreateObjectMapping: 0.786100 ms MarkObjects: 6.468700 ms  DeleteObjects: 0.359400 ms)

========================================================================
Received Import Request.
  Time since last request: 624.438351 seconds.
  path: Assets/_Scripts/Life.cs
  artifactKey: Guid(f7d7fa2b4c413fd4bb5492808136b8ab) Importer(815301076,1909f56bfc062723c751e8b465ee728b)
Start importing Assets/_Scripts/Life.cs using Guid(f7d7fa2b4c413fd4bb5492808136b8ab) Importer(815301076,1909f56bfc062723c751e8b465ee728b)  -> (artifact id: '56070ea3bd3b0994f0fe2c8d0f5a5540') in 0.021294 seconds
  Import took 0.066457 seconds .

========================================================================
Received Import Request.
  Time since last request: 0.004517 seconds.
  path: Assets/_Scripts/Life.cs
  artifactKey: Guid(f7d7fa2b4c413fd4bb5492808136b8ab) Importer(815301076,1909f56bfc062723c751e8b465ee728b)
Start importing Assets/_Scripts/Life.cs using Guid(f7d7fa2b4c413fd4bb5492808136b8ab) Importer(815301076,1909f56bfc062723c751e8b465ee728b)  -> (artifact id: '56070ea3bd3b0994f0fe2c8d0f5a5540') in 0.012092 seconds
  Import took 0.101186 seconds .

========================================================================
Received Prepare
Registering precompiled user dll's ...
Registered in 0.004180 seconds.
Begin MonoManager ReloadAssembly
Native extension for WindowsStandalone target not found
Native extension for WebGL target not found
Refreshing native plugins compatible for Editor in 1.38 ms, found 0 plugins.
Preloading 0 native plugins for Editor in 0.00 ms.
Mono: successfully reloaded assembly
- Completed reload, in  3.357 seconds
Platform modules already initialized, skipping
Shader 'Universal Render Pipeline/Particles/Lit': fallback shader 'Universal Render Pipeline/Particles/SimpleLit' not found
Refreshing native plugins compatible for Editor in 1.36 ms, found 0 plugins.
Preloading 0 native plugins for Editor in 0.00 ms.
Unloading 3311 Unused Serialized files (Serialized files now loaded: 0)
System memory in use before: 175.9 MB.
System memory in use after: 176.1 MB.

Unloading 7 unused Assets to reduce memory usage. Loaded Objects now: 4108.
Total: 8.382800 ms (FindLiveObjects: 1.373500 ms CreateObjectMapping: 0.610200 ms MarkObjects: 6.031800 ms  DeleteObjects: 0.364400 ms)

========================================================================
Received Import Request.
  Time since last request: 81.334460 seconds.
  path: Assets/_Scripts/Life.cs
  artifactKey: Guid(f7d7fa2b4c413fd4bb5492808136b8ab) Importer(815301076,1909f56bfc062723c751e8b465ee728b)
Start importing Assets/_Scripts/Life.cs using Guid(f7d7fa2b4c413fd4bb5492808136b8ab) Importer(815301076,1909f56bfc062723c751e8b465ee728b)  -> (artifact id: '2f6cdf609b6cab18b9021cab3a646f7c') in 0.019372 seconds
  Import took 0.062939 seconds .

========================================================================
Received Import Request.
  Time since last request: 0.244865 seconds.
  path: Assets/_Scripts/Life.cs
  artifactKey: Guid(f7d7fa2b4c413fd4bb5492808136b8ab) Importer(815301076,1909f56bfc062723c751e8b465ee728b)
Start importing Assets/_Scripts/Life.cs using Guid(f7d7fa2b4c413fd4bb5492808136b8ab) Importer(815301076,1909f56bfc062723c751e8b465ee728b)  -> (artifact id: '2f6cdf609b6cab18b9021cab3a646f7c') in 0.009477 seconds
  Import took 0.024614 seconds .

========================================================================
Received Prepare
Registering precompiled user dll's ...
Registered in 0.005689 seconds.
Begin MonoManager ReloadAssembly
Native extension for WindowsStandalone target not found
Native extension for WebGL target not found
Refreshing native plugins compatible for Editor in 1.36 ms, found 0 plugins.
Preloading 0 native plugins for Editor in 0.00 ms.
Mono: successfully reloaded assembly
- Completed reload, in  3.306 seconds
Platform modules already initialized, skipping
Shader 'Universal Render Pipeline/Particles/Lit': fallback shader 'Universal Render Pipeline/Particles/SimpleLit' not found
Refreshing native plugins compatible for Editor in 1.32 ms, found 0 plugins.
Preloading 0 native plugins for Editor in 0.00 ms.
Unloading 3311 Unused Serialized files (Serialized files now loaded: 0)
System memory in use before: 175.9 MB.
System memory in use after: 176.1 MB.

Unloading 7 unused Assets to reduce memory usage. Loaded Objects now: 4110.
Total: 9.447200 ms (FindLiveObjects: 1.039800 ms CreateObjectMapping: 0.305800 ms MarkObjects: 7.701000 ms  DeleteObjects: 0.396400 ms)

========================================================================
Received Prepare
Registering precompiled user dll's ...
Registered in 0.004928 seconds.
Begin MonoManager ReloadAssembly
Native extension for WindowsStandalone target not found
Native extension for WebGL target not found
Refreshing native plugins compatible for Editor in 2.05 ms, found 0 plugins.
Preloading 0 native plugins for Editor in 0.00 ms.
Mono: successfully reloaded assembly
- Completed reload, in  3.688 seconds
Platform modules already initialized, skipping
Shader 'Universal Render Pipeline/Particles/Lit': fallback shader 'Universal Render Pipeline/Particles/SimpleLit' not found
Refreshing native plugins compatible for Editor in 2.10 ms, found 0 plugins.
Preloading 0 native plugins for Editor in 0.00 ms.
Unloading 3311 Unused Serialized files (Serialized files now loaded: 0)
System memory in use before: 175.9 MB.
System memory in use after: 176.1 MB.

Unloading 7 unused Assets to reduce memory usage. Loaded Objects now: 4112.
Total: 6.960100 ms (FindLiveObjects: 0.867200 ms CreateObjectMapping: 0.225200 ms MarkObjects: 5.506200 ms  DeleteObjects: 0.358600 ms)

========================================================================
Received Import Request.
  Time since last request: 81.548760 seconds.
  path: Assets/_Scripts/DestroyOnContact.cs
  artifactKey: Guid(7e67715ca9a39e044ae91bb452f2b99c) Importer(815301076,1909f56bfc062723c751e8b465ee728b)
Start importing Assets/_Scripts/DestroyOnContact.cs using Guid(7e67715ca9a39e044ae91bb452f2b99c) Importer(815301076,1909f56bfc062723c751e8b465ee728b)  -> (artifact id: '057d3ea36e0f75186916041d7ddbd19a') in 0.018047 seconds
  Import took 0.300632 seconds .

========================================================================
Received Import Request.
  Time since last request: 9.905822 seconds.
  path: Assets/_Scripts/DamageOnContact.cs
  artifactKey: Guid(7e67715ca9a39e044ae91bb452f2b99c) Importer(815301076,1909f56bfc062723c751e8b465ee728b)
Start importing Assets/_Scripts/DamageOnContact.cs using Guid(7e67715ca9a39e044ae91bb452f2b99c) Importer(815301076,1909f56bfc062723c751e8b465ee728b)  -> (artifact id: 'f6afde0f4b1769e640ef852edebd1db4') in 0.012258 seconds
  Import took 0.061111 seconds .

========================================================================
Received Prepare
Registering precompiled user dll's ...
Registered in 0.004438 seconds.
Begin MonoManager ReloadAssembly
Native extension for WindowsStandalone target not found
Native extension for WebGL target not found
Refreshing native plugins compatible for Editor in 2.08 ms, found 0 plugins.
Preloading 0 native plugins for Editor in 0.00 ms.
Mono: successfully reloaded assembly
- Completed reload, in  3.994 seconds
Platform modules already initialized, skipping
Shader 'Universal Render Pipeline/Particles/Lit': fallback shader 'Universal Render Pipeline/Particles/SimpleLit' not found
Refreshing native plugins compatible for Editor in 1.34 ms, found 0 plugins.
Preloading 0 native plugins for Editor in 0.00 ms.
Unloading 3311 Unused Serialized files (Serialized files now loaded: 0)
System memory in use before: 175.9 MB.
System memory in use after: 176.1 MB.

Unloading 7 unused Assets to reduce memory usage. Loaded Objects now: 4114.
Total: 12.460700 ms (FindLiveObjects: 1.645300 ms CreateObjectMapping: 0.873900 ms MarkObjects: 9.420300 ms  DeleteObjects: 0.508400 ms)

========================================================================
Received Import Request.
  Time since last request: 113.962442 seconds.
  path: Assets/_Scripts/DamageOnContact.cs
  artifactKey: Guid(7e67715ca9a39e044ae91bb452f2b99c) Importer(815301076,1909f56bfc062723c751e8b465ee728b)
Start importing Assets/_Scripts/DamageOnContact.cs using Guid(7e67715ca9a39e044ae91bb452f2b99c) Importer(815301076,1909f56bfc062723c751e8b465ee728b)  -> (artifact id: '500c9467c30ff6b3fce983d5c28bb6d1') in 0.021307 seconds
  Import took 0.334361 seconds .

========================================================================
Received Import Request.
  Time since last request: 0.248648 seconds.
  path: Assets/_Scripts/DamageOnContact.cs
  artifactKey: Guid(7e67715ca9a39e044ae91bb452f2b99c) Importer(815301076,1909f56bfc062723c751e8b465ee728b)
Start importing Assets/_Scripts/DamageOnContact.cs using Guid(7e67715ca9a39e044ae91bb452f2b99c) Importer(815301076,1909f56bfc062723c751e8b465ee728b)  -> (artifact id: '500c9467c30ff6b3fce983d5c28bb6d1') in 0.010825 seconds
  Import took 0.030541 seconds .

========================================================================
Received Prepare
Registering precompiled user dll's ...
Registered in 0.004313 seconds.
Begin MonoManager ReloadAssembly
Native extension for WindowsStandalone target not found
Native extension for WebGL target not found
Refreshing native plugins compatible for Editor in 1.38 ms, found 0 plugins.
Preloading 0 native plugins for Editor in 0.00 ms.
Mono: successfully reloaded assembly
- Completed reload, in  3.239 seconds
Platform modules already initialized, skipping
Shader 'Universal Render Pipeline/Particles/Lit': fallback shader 'Universal Render Pipeline/Particles/SimpleLit' not found
Refreshing native plugins compatible for Editor in 1.33 ms, found 0 plugins.
Preloading 0 native plugins for Editor in 0.00 ms.
Unloading 3311 Unused Serialized files (Serialized files now loaded: 0)
System memory in use before: 175.9 MB.
System memory in use after: 176.1 MB.

Unloading 7 unused Assets to reduce memory usage. Loaded Objects now: 4116.
Total: 7.402100 ms (FindLiveObjects: 1.097100 ms CreateObjectMapping: 0.327600 ms MarkObjects: 5.607400 ms  DeleteObjects: 0.366900 ms)

========================================================================
Received Import Request.
  Time since last request: 137.500021 seconds.
  path: Assets/_Scripts/DamageOnContact.cs
  artifactKey: Guid(7e67715ca9a39e044ae91bb452f2b99c) Importer(815301076,1909f56bfc062723c751e8b465ee728b)
Start importing Assets/_Scripts/DamageOnContact.cs using Guid(7e67715ca9a39e044ae91bb452f2b99c) Importer(815301076,1909f56bfc062723c751e8b465ee728b)  -> (artifact id: '9cbcbffb1baaa12e43b0fe9a4998b4e7') in 0.035525 seconds
  Import took 0.088988 seconds .

========================================================================
Received Import Request.
  Time since last request: 0.313392 seconds.
  path: Assets/_Scripts/DamageOnContact.cs
  artifactKey: Guid(7e67715ca9a39e044ae91bb452f2b99c) Importer(815301076,1909f56bfc062723c751e8b465ee728b)
Start importing Assets/_Scripts/DamageOnContact.cs using Guid(7e67715ca9a39e044ae91bb452f2b99c) Importer(815301076,1909f56bfc062723c751e8b465ee728b)  -> (artifact id: '9cbcbffb1baaa12e43b0fe9a4998b4e7') in 0.011235 seconds
  Import took 0.027739 seconds .

========================================================================
Received Prepare
Registering precompiled user dll's ...
Registered in 0.004723 seconds.
Begin MonoManager ReloadAssembly
Native extension for WindowsStandalone target not found
Native extension for WebGL target not found
Refreshing native plugins compatible for Editor in 2.42 ms, found 0 plugins.
Preloading 0 native plugins for Editor in 0.00 ms.
Mono: successfully reloaded assembly
- Completed reload, in  3.261 seconds
Platform modules already initialized, skipping
Shader 'Universal Render Pipeline/Particles/Lit': fallback shader 'Universal Render Pipeline/Particles/SimpleLit' not found
Refreshing native plugins compatible for Editor in 1.36 ms, found 0 plugins.
Preloading 0 native plugins for Editor in 0.00 ms.
Unloading 3311 Unused Serialized files (Serialized files now loaded: 0)
System memory in use before: 175.9 MB.
System memory in use after: 176.1 MB.

Unloading 7 unused Assets to reduce memory usage. Loaded Objects now: 4118.
Total: 7.111300 ms (FindLiveObjects: 1.024300 ms CreateObjectMapping: 0.228600 ms MarkObjects: 5.497100 ms  DeleteObjects: 0.357800 ms)

========================================================================
Received Import Request.
  Time since last request: 89.122820 seconds.
  path: Assets/_Scripts/DamageOnContact.cs
  artifactKey: Guid(7e67715ca9a39e044ae91bb452f2b99c) Importer(815301076,1909f56bfc062723c751e8b465ee728b)
Start importing Assets/_Scripts/DamageOnContact.cs using Guid(7e67715ca9a39e044ae91bb452f2b99c) Importer(815301076,1909f56bfc062723c751e8b465ee728b)  -> (artifact id: '57a646363f00766029b944761d706df4') in 0.034508 seconds
  Import took 0.071584 seconds .

========================================================================
Received Import Request.
  Time since last request: 0.298878 seconds.
  path: Assets/_Scripts/DamageOnContact.cs
  artifactKey: Guid(7e67715ca9a39e044ae91bb452f2b99c) Importer(815301076,1909f56bfc062723c751e8b465ee728b)
Start importing Assets/_Scripts/DamageOnContact.cs using Guid(7e67715ca9a39e044ae91bb452f2b99c) Importer(815301076,1909f56bfc062723c751e8b465ee728b)  -> (artifact id: '57a646363f00766029b944761d706df4') in 0.009464 seconds
  Import took 0.033732 seconds .

========================================================================
Received Prepare
Registering precompiled user dll's ...
Registered in 0.006820 seconds.
Begin MonoManager ReloadAssembly
Native extension for WindowsStandalone target not found
Native extension for WebGL target not found
Refreshing native plugins compatible for Editor in 1.37 ms, found 0 plugins.
Preloading 0 native plugins for Editor in 0.00 ms.
Mono: successfully reloaded assembly
- Completed reload, in  3.285 seconds
Platform modules already initialized, skipping
Shader 'Universal Render Pipeline/Particles/Lit': fallback shader 'Universal Render Pipeline/Particles/SimpleLit' not found
Refreshing native plugins compatible for Editor in 1.72 ms, found 0 plugins.
Preloading 0 native plugins for Editor in 0.00 ms.
Unloading 3311 Unused Serialized files (Serialized files now loaded: 0)
System memory in use before: 176.0 MB.
System memory in use after: 176.1 MB.

Unloading 7 unused Assets to reduce memory usage. Loaded Objects now: 4120.
Total: 8.511100 ms (FindLiveObjects: 1.194500 ms CreateObjectMapping: 0.441600 ms MarkObjects: 6.461400 ms  DeleteObjects: 0.409400 ms)

========================================================================
Received Import Request.
  Time since last request: 79.554960 seconds.
  path: Assets/_Scripts/DamageOnContact.cs
  artifactKey: Guid(7e67715ca9a39e044ae91bb452f2b99c) Importer(815301076,1909f56bfc062723c751e8b465ee728b)
Start importing Assets/_Scripts/DamageOnContact.cs using Guid(7e67715ca9a39e044ae91bb452f2b99c) Importer(815301076,1909f56bfc062723c751e8b465ee728b)  -> (artifact id: 'd5db0b5579907662227824bfabd91ace') in 0.026663 seconds
  Import took 0.074507 seconds .

========================================================================
Received Import Request.
  Time since last request: 0.298256 seconds.
  path: Assets/_Scripts/DamageOnContact.cs
  artifactKey: Guid(7e67715ca9a39e044ae91bb452f2b99c) Importer(815301076,1909f56bfc062723c751e8b465ee728b)
Start importing Assets/_Scripts/DamageOnContact.cs using Guid(7e67715ca9a39e044ae91bb452f2b99c) Importer(815301076,1909f56bfc062723c751e8b465ee728b)  -> (artifact id: 'd5db0b5579907662227824bfabd91ace') in 0.010224 seconds
  Import took 0.031663 seconds .

========================================================================
Received Prepare
Registering precompiled user dll's ...
Registered in 0.006151 seconds.
Begin MonoManager ReloadAssembly
Native extension for WindowsStandalone target not found
Native extension for WebGL target not found
Refreshing native plugins compatible for Editor in 2.06 ms, found 0 plugins.
Preloading 0 native plugins for Editor in 0.00 ms.
Mono: successfully reloaded assembly
- Completed reload, in  3.277 seconds
Platform modules already initialized, skipping
Shader 'Universal Render Pipeline/Particles/Lit': fallback shader 'Universal Render Pipeline/Particles/SimpleLit' not found
Refreshing native plugins compatible for Editor in 1.36 ms, found 0 plugins.
Preloading 0 native plugins for Editor in 0.00 ms.
Unloading 3311 Unused Serialized files (Serialized files now loaded: 0)
System memory in use before: 176.0 MB.
System memory in use after: 176.1 MB.

Unloading 7 unused Assets to reduce memory usage. Loaded Objects now: 4122.
Total: 7.763000 ms (FindLiveObjects: 0.786500 ms CreateObjectMapping: 0.265000 ms MarkObjects: 6.350900 ms  DeleteObjects: 0.358300 ms)

========================================================================
Received Import Request.
  Time since last request: 156.509382 seconds.
  path: Assets/_Scripts/DamageOnContact.cs
  artifactKey: Guid(7e67715ca9a39e044ae91bb452f2b99c) Importer(815301076,1909f56bfc062723c751e8b465ee728b)
Start importing Assets/_Scripts/DamageOnContact.cs using Guid(7e67715ca9a39e044ae91bb452f2b99c) Importer(815301076,1909f56bfc062723c751e8b465ee728b)  -> (artifact id: '4b61871780b5a2107c73298be2474cdf') in 0.034631 seconds
  Import took 0.085419 seconds .

========================================================================
Received Import Request.
  Time since last request: 0.269637 seconds.
  path: Assets/_Scripts/DamageOnContact.cs
  artifactKey: Guid(7e67715ca9a39e044ae91bb452f2b99c) Importer(815301076,1909f56bfc062723c751e8b465ee728b)
Start importing Assets/_Scripts/DamageOnContact.cs using Guid(7e67715ca9a39e044ae91bb452f2b99c) Importer(815301076,1909f56bfc062723c751e8b465ee728b)  -> (artifact id: '4b61871780b5a2107c73298be2474cdf') in 0.008899 seconds
  Import took 0.027604 seconds .

========================================================================
Received Prepare
Registering precompiled user dll's ...
Registered in 0.005738 seconds.
Begin MonoManager ReloadAssembly
Native extension for WindowsStandalone target not found
Native extension for WebGL target not found
Refreshing native plugins compatible for Editor in 2.21 ms, found 0 plugins.
Preloading 0 native plugins for Editor in 0.00 ms.
Mono: successfully reloaded assembly
- Completed reload, in  3.484 seconds
Platform modules already initialized, skipping
Shader 'Universal Render Pipeline/Particles/Lit': fallback shader 'Universal Render Pipeline/Particles/SimpleLit' not found
Refreshing native plugins compatible for Editor in 2.12 ms, found 0 plugins.
Preloading 0 native plugins for Editor in 0.00 ms.
Unloading 3311 Unused Serialized files (Serialized files now loaded: 0)
System memory in use before: 176.0 MB.
System memory in use after: 176.1 MB.

Unloading 7 unused Assets to reduce memory usage. Loaded Objects now: 4124.
Total: 7.162700 ms (FindLiveObjects: 0.990300 ms CreateObjectMapping: 0.298800 ms MarkObjects: 5.515200 ms  DeleteObjects: 0.355600 ms)

========================================================================
Received Import Request.
  Time since last request: 27.529146 seconds.
  path: Assets/Prefabs/Bullet.prefab
  artifactKey: Guid(fc0c6142143721446a5b3a6710ddfc11) Importer(815301076,1909f56bfc062723c751e8b465ee728b)
Start importing Assets/Prefabs/Bullet.prefab using Guid(fc0c6142143721446a5b3a6710ddfc11) Importer(815301076,1909f56bfc062723c751e8b465ee728b)  -> (artifact id: '372f662c9c49425374e90844c4a5819c') in 0.511131 seconds
  Import took 0.779304 seconds .

========================================================================
Received Import Request.
  Time since last request: 11.856776 seconds.
  path: Assets/Prefabs/Bullet.prefab
  artifactKey: Guid(fc0c6142143721446a5b3a6710ddfc11) Importer(815301076,1909f56bfc062723c751e8b465ee728b)
Start importing Assets/Prefabs/Bullet.prefab using Guid(fc0c6142143721446a5b3a6710ddfc11) Importer(815301076,1909f56bfc062723c751e8b465ee728b)  -> (artifact id: '340d51019036fed02d49018f7dad4ffa') in 0.028241 seconds
  Import took 0.056075 seconds .

========================================================================
Received Import Request.
  Time since last request: 10.871975 seconds.
  path: Assets/Prefabs/Bullet.prefab
  artifactKey: Guid(fc0c6142143721446a5b3a6710ddfc11) Importer(815301076,1909f56bfc062723c751e8b465ee728b)
Start importing Assets/Prefabs/Bullet.prefab using Guid(fc0c6142143721446a5b3a6710ddfc11) Importer(815301076,1909f56bfc062723c751e8b465ee728b)  -> (artifact id: 'fb0470ae84313caf9374df6db5128f3d') in 0.027428 seconds
  Import took 0.085497 seconds .

========================================================================
Received Import Request.
  Time since last request: 21.212541 seconds.
  path: Assets/Prefabs/Bullet.prefab
  artifactKey: Guid(fc0c6142143721446a5b3a6710ddfc11) Importer(815301076,1909f56bfc062723c751e8b465ee728b)
Start importing Assets/Prefabs/Bullet.prefab using Guid(fc0c6142143721446a5b3a6710ddfc11) Importer(815301076,1909f56bfc062723c751e8b465ee728b)  -> (artifact id: 'ed3f20ee6dfde5c60f939638ac3c461e') in 0.028156 seconds
  Import took 0.052545 seconds .

========================================================================
Received Import Request.
  Time since last request: 3.993447 seconds.
  path: Assets/Prefabs/Bullet.prefab
  artifactKey: Guid(fc0c6142143721446a5b3a6710ddfc11) Importer(815301076,1909f56bfc062723c751e8b465ee728b)
Start importing Assets/Prefabs/Bullet.prefab using Guid(fc0c6142143721446a5b3a6710ddfc11) Importer(815301076,1909f56bfc062723c751e8b465ee728b)  -> (artifact id: 'f94732e3b607bc502fe6d60b696ee321') in 0.026155 seconds
  Import took 0.046413 seconds .

========================================================================
Received Prepare
Registering precompiled user dll's ...
Registered in 0.003286 seconds.
Begin MonoManager ReloadAssembly
Native extension for WindowsStandalone target not found
Native extension for WebGL target not found
Refreshing native plugins compatible for Editor in 0.75 ms, found 0 plugins.
Preloading 0 native plugins for Editor in 0.00 ms.
Mono: successfully reloaded assembly
- Completed reload, in  1.950 seconds
Platform modules already initialized, skipping
Shader 'Universal Render Pipeline/Particles/Lit': fallback shader 'Universal Render Pipeline/Particles/SimpleLit' not found
Refreshing native plugins compatible for Editor in 0.87 ms, found 0 plugins.
Preloading 0 native plugins for Editor in 0.00 ms.
Unloading 3311 Unused Serialized files (Serialized files now loaded: 0)
System memory in use before: 176.1 MB.
System memory in use after: 176.3 MB.

Unloading 7 unused Assets to reduce memory usage. Loaded Objects now: 4162.
Total: 4.370200 ms (FindLiveObjects: 0.530500 ms CreateObjectMapping: 0.153100 ms MarkObjects: 3.454300 ms  DeleteObjects: 0.229700 ms)

========================================================================
Received Prepare
Registering precompiled user dll's ...
Registered in 0.003664 seconds.
Begin MonoManager ReloadAssembly
Native extension for WindowsStandalone target not found
Native extension for WebGL target not found
Refreshing native plugins compatible for Editor in 0.87 ms, found 0 plugins.
Preloading 0 native plugins for Editor in 0.00 ms.
Mono: successfully reloaded assembly
- Completed reload, in  1.934 seconds
Platform modules already initialized, skipping
Shader 'Universal Render Pipeline/Particles/Lit': fallback shader 'Universal Render Pipeline/Particles/SimpleLit' not found
Refreshing native plugins compatible for Editor in 0.77 ms, found 0 plugins.
Preloading 0 native plugins for Editor in 0.00 ms.
Unloading 3311 Unused Serialized files (Serialized files now loaded: 0)
System memory in use before: 176.1 MB.
System memory in use after: 176.3 MB.

Unloading 7 unused Assets to reduce memory usage. Loaded Objects now: 4164.
Total: 4.959100 ms (FindLiveObjects: 0.711300 ms CreateObjectMapping: 0.269800 ms MarkObjects: 3.760000 ms  DeleteObjects: 0.216200 ms)

========================================================================
Received Prepare
Registering precompiled user dll's ...
Registered in 0.002172 seconds.
Begin MonoManager ReloadAssembly
Native extension for WindowsStandalone target not found
Native extension for WebGL target not found
Refreshing native plugins compatible for Editor in 1.08 ms, found 0 plugins.
Preloading 0 native plugins for Editor in 0.00 ms.
Mono: successfully reloaded assembly
- Completed reload, in  1.982 seconds
Platform modules already initialized, skipping
Shader 'Universal Render Pipeline/Particles/Lit': fallback shader 'Universal Render Pipeline/Particles/SimpleLit' not found
Refreshing native plugins compatible for Editor in 1.21 ms, found 0 plugins.
Preloading 0 native plugins for Editor in 0.00 ms.
Unloading 3311 Unused Serialized files (Serialized files now loaded: 0)
System memory in use before: 176.1 MB.
System memory in use after: 176.3 MB.

Unloading 7 unused Assets to reduce memory usage. Loaded Objects now: 4166.
Total: 5.103100 ms (FindLiveObjects: 0.652300 ms CreateObjectMapping: 0.144100 ms MarkObjects: 4.084500 ms  DeleteObjects: 0.220100 ms)

========================================================================
Received Prepare
Registering precompiled user dll's ...
Registered in 0.002886 seconds.
Begin MonoManager ReloadAssembly
Native extension for WindowsStandalone target not found
Native extension for WebGL target not found
Refreshing native plugins compatible for Editor in 1.50 ms, found 0 plugins.
Preloading 0 native plugins for Editor in 0.00 ms.
Mono: successfully reloaded assembly
- Completed reload, in  2.613 seconds
Platform modules already initialized, skipping
Shader 'Universal Render Pipeline/Particles/Lit': fallback shader 'Universal Render Pipeline/Particles/SimpleLit' not found
Refreshing native plugins compatible for Editor in 1.15 ms, found 0 plugins.
Preloading 0 native plugins for Editor in 0.00 ms.
Unloading 3311 Unused Serialized files (Serialized files now loaded: 0)
System memory in use before: 176.1 MB.
System memory in use after: 176.3 MB.

Unloading 7 unused Assets to reduce memory usage. Loaded Objects now: 4168.
Total: 6.693200 ms (FindLiveObjects: 1.442200 ms CreateObjectMapping: 0.648800 ms MarkObjects: 4.277500 ms  DeleteObjects: 0.322400 ms)

AssetImportWorkerClient::OnTransportError - code=2 error=End of file
